PayPal\Core\PPAPIService: Request: requestEnvelope.errorLanguage=en_US&actionType=PAY&cancelUrl=http%3A%2F%2Fvault-x.my%2Ferror&currencyCode=USD&feesPayer=PRIMARYRECEIVER&receiverList.receiver(0).amount=123&receiverList.receiver(0).email=Jameshahm%40gmail.com&receiverList.receiver(0).primary=1&receiverList.receiver(1).amount=123&receiverList.receiver(1).email=info-buyer%40ananas-web.ru&senderEmail=test%40mfsa.ru&returnUrl=http%3A%2F%2Fvault-x.my%2Fsuccess&fundingConstraint=BALANCE&sender.email=test%40mfsa.ru
PayPal\Core\PPHttpConnection: Adding header X-PAYPAL-REQUEST-DATA-FORMAT: NV
PayPal\Core\PPHttpConnection: Adding header X-PAYPAL-RESPONSE-DATA-FORMAT: NV
PayPal\Core\PPHttpConnection: Adding header X-PAYPAL-DEVICE-IPADDRESS: 127.0.0.1
PayPal\Core\PPHttpConnection: Adding header X-PAYPAL-REQUEST-SOURCE: adaptivepayments-php-sdk-3.6.106
PayPal\Core\PPHttpConnection: Adding header X-PAYPAL-APPLICATION-ID: APP-80W284485P519543T
PayPal\Core\PPHttpConnection: Adding header X-PAYPAL-SECURITY-USERID: info_api1.ananas-web.ru
PayPal\Core\PPHttpConnection: Adding header X-PAYPAL-SECURITY-PASSWORD: P7KUBZYK8RN462R2
PayPal\Core\PPHttpConnection: Adding header X-PAYPAL-SECURITY-SIGNATURE: AFcWxV21C7fd0v3bYYYRCpSSRl31A11ZPkdM0UA3lmo0MndV9erWalw9
PayPal\Core\PPAPIService: Request: requestEnvelope.errorLanguage=en_US&actionType=PAY&cancelUrl=http%3A%2F%2Fvault-x.my%2Ferror&currencyCode=USD&feesPayer=PRIMARYRECEIVER&receiverList.receiver(0).amount=123&receiverList.receiver(0).email=Jameshahm%40gmail.com&receiverList.receiver(0).primary=1&receiverList.receiver(1).amount=123&receiverList.receiver(1).email=info-buyer%40ananas-web.ru&senderEmail=test%40mfsa.ru&returnUrl=http%3A%2F%2Fvault-x.my%2Fsuccess&fundingConstraint=BALANCE&sender.email=test%40mfsa.ru
PayPal\Core\PPHttpConnection: Adding header X-PAYPAL-REQUEST-DATA-FORMAT: NV
PayPal\Core\PPHttpConnection: Adding header X-PAYPAL-RESPONSE-DATA-FORMAT: NV
PayPal\Core\PPHttpConnection: Adding header X-PAYPAL-DEVICE-IPADDRESS: 127.0.0.1
PayPal\Core\PPHttpConnection: Adding header X-PAYPAL-REQUEST-SOURCE: adaptivepayments-php-sdk-3.6.106
PayPal\Core\PPHttpConnection: Adding header X-PAYPAL-APPLICATION-ID: APP-80W284485P519543T
PayPal\Core\PPHttpConnection: Adding header X-PAYPAL-SECURITY-USERID: info_api1.ananas-web.ru
PayPal\Core\PPHttpConnection: Adding header X-PAYPAL-SECURITY-PASSWORD: P7KUBZYK8RN462R2
PayPal\Core\PPHttpConnection: Adding header X-PAYPAL-SECURITY-SIGNATURE: AFcWxV21C7fd0v3bYYYRCpSSRl31A11ZPkdM0UA3lmo0MndV9erWalw9
PayPal\Core\PPAPIService: Request: requestEnvelope.errorLanguage=en_US&actionType=PAY&cancelUrl=http%3A%2F%2Fvault-x.my%2Ferror&currencyCode=USD&feesPayer=PRIMARYRECEIVER&receiverList.receiver(0).amount=123&receiverList.receiver(0).email=Jameshahm%40gmail.com&receiverList.receiver(0).primary=1&receiverList.receiver(1).amount=123&receiverList.receiver(1).email=info-buyer%40ananas-web.ru&senderEmail=test%40mfsa.ru&returnUrl=http%3A%2F%2Fvault-x.my%2Fsuccess&fundingConstraint=BALANCE&sender.email=test%40mfsa.ru
PayPal\Core\PPHttpConnection: Adding header X-PAYPAL-REQUEST-DATA-FORMAT: NV
PayPal\Core\PPHttpConnection: Adding header X-PAYPAL-RESPONSE-DATA-FORMAT: NV
PayPal\Core\PPHttpConnection: Adding header X-PAYPAL-DEVICE-IPADDRESS: 127.0.0.1
PayPal\Core\PPHttpConnection: Adding header X-PAYPAL-REQUEST-SOURCE: adaptivepayments-php-sdk-3.6.106
PayPal\Core\PPHttpConnection: Adding header X-PAYPAL-APPLICATION-ID: APP-80W284485P519543T
PayPal\Core\PPHttpConnection: Adding header X-PAYPAL-SECURITY-USERID: info_api1.ananas-web.ru
PayPal\Core\PPHttpConnection: Adding header X-PAYPAL-SECURITY-PASSWORD: P7KUBZYK8RN462R2
PayPal\Core\PPHttpConnection: Adding header X-PAYPAL-SECURITY-SIGNATURE: AFcWxV21C7fd0v3bYYYRCpSSRl31A11ZPkdM0UA3lmo0MndV9erWalw9
PayPal\Core\PPAPIService: Request: requestEnvelope.errorLanguage=en_US&actionType=PAY&cancelUrl=http%3A%2F%2Fvault-x.my%2Ferror&currencyCode=USD&feesPayer=PRIMARYRECEIVER&receiverList.receiver(0).amount=123&receiverList.receiver(0).email=Jameshahm%40gmail.com&receiverList.receiver(0).primary=1&receiverList.receiver(1).amount=123&receiverList.receiver(1).email=info-buyer%40ananas-web.ru&senderEmail=test%40mfsa.ru&returnUrl=http%3A%2F%2Fvault-x.my%2Fsuccess&fundingConstraint=BALANCE&sender.email=test%40mfsa.ru
PayPal\Core\PPHttpConnection: Adding header X-PAYPAL-REQUEST-DATA-FORMAT: NV
PayPal\Core\PPHttpConnection: Adding header X-PAYPAL-RESPONSE-DATA-FORMAT: NV
PayPal\Core\PPHttpConnection: Adding header X-PAYPAL-DEVICE-IPADDRESS: 127.0.0.1
PayPal\Core\PPHttpConnection: Adding header X-PAYPAL-REQUEST-SOURCE: adaptivepayments-php-sdk-3.6.106
PayPal\Core\PPHttpConnection: Adding header X-PAYPAL-APPLICATION-ID: APP-80W284485P519543T
PayPal\Core\PPHttpConnection: Adding header X-PAYPAL-SECURITY-USERID: info_api1.ananas-web.ru
PayPal\Core\PPHttpConnection: Adding header X-PAYPAL-SECURITY-PASSWORD: P7KUBZYK8RN462R2
PayPal\Core\PPHttpConnection: Adding header X-PAYPAL-SECURITY-SIGNATURE: AFcWxV21C7fd0v3bYYYRCpSSRl31A11ZPkdM0UA3lmo0MndV9erWalw9
PayPal\Core\PPAPIService: Response: responseEnvelope.timestamp=2016-07-05T10%3A58%3A02.455-07%3A00&responseEnvelope.ack=Failure&responseEnvelope.correlationId=83273bee090e7&responseEnvelope.build=23046607&error(0).errorId=580022&error(0).domain=PLATFORM&error(0).subdomain=Application&error(0).severity=Error&error(0).category=Application&error(0).message=Invalid+request+parameter%3A+allowedFundingType+cannot+be+null&error(0).parameter(0)=allowedFundingType&error(0).parameter(1)=null
PayPal\Core\PPAPIService: Request: requestEnvelope.errorLanguage=en_US&actionType=PAY&cancelUrl=http%3A%2F%2Fvault-x.my%2Ferror&currencyCode=USD&feesPayer=PRIMARYRECEIVER&receiverList.receiver(0).amount=123&receiverList.receiver(0).email=Jameshahm%40gmail.com&receiverList.receiver(0).primary=1&receiverList.receiver(1).amount=123&receiverList.receiver(1).email=info-buyer%40ananas-web.ru&senderEmail=test%40mfsa.ru&returnUrl=http%3A%2F%2Fvault-x.my%2Fsuccess&fundingConstraint=BALANCE&sender.email=test%40mfsa.ru
PayPal\Core\PPHttpConnection: Adding header X-PAYPAL-REQUEST-DATA-FORMAT: NV
PayPal\Core\PPHttpConnection: Adding header X-PAYPAL-RESPONSE-DATA-FORMAT: NV
PayPal\Core\PPHttpConnection: Adding header X-PAYPAL-DEVICE-IPADDRESS: 127.0.0.1
PayPal\Core\PPHttpConnection: Adding header X-PAYPAL-REQUEST-SOURCE: adaptivepayments-php-sdk-3.6.106
PayPal\Core\PPHttpConnection: Adding header X-PAYPAL-APPLICATION-ID: APP-80W284485P519543T
PayPal\Core\PPHttpConnection: Adding header X-PAYPAL-SECURITY-USERID: info_api1.ananas-web.ru
PayPal\Core\PPHttpConnection: Adding header X-PAYPAL-SECURITY-PASSWORD: P7KUBZYK8RN462R2
PayPal\Core\PPHttpConnection: Adding header X-PAYPAL-SECURITY-SIGNATURE: AFcWxV21C7fd0v3bYYYRCpSSRl31A11ZPkdM0UA3lmo0MndV9erWalw9
PayPal\Core\PPAPIService: Response: responseEnvelope.timestamp=2016-07-05T10%3A58%3A34.824-07%3A00&responseEnvelope.ack=Failure&responseEnvelope.correlationId=c8dbb3853124c&responseEnvelope.build=23046607&error(0).errorId=580022&error(0).domain=PLATFORM&error(0).subdomain=Application&error(0).severity=Error&error(0).category=Application&error(0).message=Invalid+request+parameter%3A+allowedFundingType+cannot+be+null&error(0).parameter(0)=allowedFundingType&error(0).parameter(1)=null
PayPal\Core\PPAPIService: Request: requestEnvelope.errorLanguage=en_US&actionType=PAY&cancelUrl=http%3A%2F%2Fvault-x.my%2Ferror&currencyCode=USD&feesPayer=PRIMARYRECEIVER&receiverList.receiver(0).amount=123&receiverList.receiver(0).email=Jameshahm%40gmail.com&receiverList.receiver(0).primary=1&receiverList.receiver(1).amount=123&receiverList.receiver(1).email=info-buyer%40ananas-web.ru&senderEmail=test%40mfsa.ru&returnUrl=http%3A%2F%2Fvault-x.my%2Fsuccess&sender.email=test%40mfsa.ru
PayPal\Core\PPHttpConnection: Adding header X-PAYPAL-REQUEST-DATA-FORMAT: NV
PayPal\Core\PPHttpConnection: Adding header X-PAYPAL-RESPONSE-DATA-FORMAT: NV
PayPal\Core\PPHttpConnection: Adding header X-PAYPAL-DEVICE-IPADDRESS: 127.0.0.1
PayPal\Core\PPHttpConnection: Adding header X-PAYPAL-REQUEST-SOURCE: adaptivepayments-php-sdk-3.6.106
PayPal\Core\PPHttpConnection: Adding header X-PAYPAL-APPLICATION-ID: APP-80W284485P519543T
PayPal\Core\PPHttpConnection: Adding header X-PAYPAL-SECURITY-USERID: info_api1.ananas-web.ru
PayPal\Core\PPHttpConnection: Adding header X-PAYPAL-SECURITY-PASSWORD: P7KUBZYK8RN462R2
PayPal\Core\PPHttpConnection: Adding header X-PAYPAL-SECURITY-SIGNATURE: AFcWxV21C7fd0v3bYYYRCpSSRl31A11ZPkdM0UA3lmo0MndV9erWalw9
PayPal\Core\PPAPIService: Response: responseEnvelope.timestamp=2016-07-05T11%3A03%3A10.075-07%3A00&responseEnvelope.ack=Failure&responseEnvelope.correlationId=13f48409f19a9&responseEnvelope.build=23046607&error(0).errorId=580001&error(0).domain=PLATFORM&error(0).subdomain=Application&error(0).severity=Error&error(0).category=Application&error(0).message=Invalid+request%3A+More+than+one+field+cannot+be+used+to+specify+a+sender
PayPal\Core\PPAPIService: Request: requestEnvelope.errorLanguage=en_US&actionType=PAY&cancelUrl=http%3A%2F%2Fvault-x.my%2Ferror&currencyCode=USD&feesPayer=PRIMARYRECEIVER&receiverList.receiver(0).amount=100&receiverList.receiver(0).email=Jameshahm%40gmail.com&receiverList.receiver(0).primary=1&receiverList.receiver(1).amount=100&receiverList.receiver(1).email=info-buyer%40ananas-web.ru&senderEmail=vaultx-donater%40ananas-web.ru&returnUrl=http%3A%2F%2Fvault-x.my%2Fsuccess&sender.email=vaultx-donater%40ananas-web.ru
PayPal\Core\PPHttpConnection: Adding header X-PAYPAL-REQUEST-DATA-FORMAT: NV
PayPal\Core\PPHttpConnection: Adding header X-PAYPAL-RESPONSE-DATA-FORMAT: NV
PayPal\Core\PPHttpConnection: Adding header X-PAYPAL-DEVICE-IPADDRESS: 127.0.0.1
PayPal\Core\PPHttpConnection: Adding header X-PAYPAL-REQUEST-SOURCE: adaptivepayments-php-sdk-3.6.106
PayPal\Core\PPHttpConnection: Adding header X-PAYPAL-APPLICATION-ID: APP-80W284485P519543T
PayPal\Core\PPHttpConnection: Adding header X-PAYPAL-SECURITY-USERID: info_api1.ananas-web.ru
PayPal\Core\PPHttpConnection: Adding header X-PAYPAL-SECURITY-PASSWORD: P7KUBZYK8RN462R2
PayPal\Core\PPHttpConnection: Adding header X-PAYPAL-SECURITY-SIGNATURE: AFcWxV21C7fd0v3bYYYRCpSSRl31A11ZPkdM0UA3lmo0MndV9erWalw9
PayPal\Core\PPAPIService: Response: responseEnvelope.timestamp=2016-07-05T11%3A05%3A09.164-07%3A00&responseEnvelope.ack=Failure&responseEnvelope.correlationId=ac80ad999ac80&responseEnvelope.build=23046607&error(0).errorId=580001&error(0).domain=PLATFORM&error(0).subdomain=Application&error(0).severity=Error&error(0).category=Application&error(0).message=Invalid+request%3A+More+than+one+field+cannot+be+used+to+specify+a+sender
PayPal\Core\PPAPIService: Request: requestEnvelope.errorLanguage=en_US&actionType=PAY&cancelUrl=http%3A%2F%2Fvault-x.my%2Ferror&currencyCode=USD&feesPayer=PRIMARYRECEIVER&receiverList.receiver(0).amount=100&receiverList.receiver(0).email=info-coordinator%40ananas-web.ru&receiverList.receiver(0).primary=1&receiverList.receiver(1).amount=100&receiverList.receiver(1).email=info-buyer%40ananas-web.ru&senderEmail=vaultx-donater%40ananas-web.ru&returnUrl=http%3A%2F%2Fvault-x.my%2Fsuccess&sender.email=vaultx-donater%40ananas-web.ru
PayPal\Core\PPHttpConnection: Adding header X-PAYPAL-REQUEST-DATA-FORMAT: NV
PayPal\Core\PPHttpConnection: Adding header X-PAYPAL-RESPONSE-DATA-FORMAT: NV
PayPal\Core\PPHttpConnection: Adding header X-PAYPAL-DEVICE-IPADDRESS: 127.0.0.1
PayPal\Core\PPHttpConnection: Adding header X-PAYPAL-REQUEST-SOURCE: adaptivepayments-php-sdk-3.6.106
PayPal\Core\PPHttpConnection: Adding header X-PAYPAL-APPLICATION-ID: APP-80W284485P519543T
PayPal\Core\PPHttpConnection: Adding header X-PAYPAL-SECURITY-USERID: info_api1.ananas-web.ru
PayPal\Core\PPHttpConnection: Adding header X-PAYPAL-SECURITY-PASSWORD: P7KUBZYK8RN462R2
PayPal\Core\PPHttpConnection: Adding header X-PAYPAL-SECURITY-SIGNATURE: AFcWxV21C7fd0v3bYYYRCpSSRl31A11ZPkdM0UA3lmo0MndV9erWalw9
PayPal\Core\PPAPIService: Response: responseEnvelope.timestamp=2016-07-05T11%3A06%3A32.068-07%3A00&responseEnvelope.ack=Failure&responseEnvelope.correlationId=43dce310838be&responseEnvelope.build=23046607&error(0).errorId=580001&error(0).domain=PLATFORM&error(0).subdomain=Application&error(0).severity=Error&error(0).category=Application&error(0).message=Invalid+request%3A+More+than+one+field+cannot+be+used+to+specify+a+sender
PayPal\Core\PPAPIService: Request: requestEnvelope.errorLanguage=en_US&actionType=PAY&cancelUrl=http%3A%2F%2Fvault-x.my%2Ferror&currencyCode=USD&feesPayer=PRIMARYRECEIVER&receiverList.receiver(0).amount=100&receiverList.receiver(0).email=info-coordinator%40ananas-web.ru&receiverList.receiver(0).primary=1&receiverList.receiver(1).amount=100&receiverList.receiver(1).email=info-buyer%40ananas-web.ru&senderEmail=vaultx-donater%40ananas-web.ru&returnUrl=http%3A%2F%2Fvault-x.my%2Fsuccess
PayPal\Core\PPHttpConnection: Adding header X-PAYPAL-REQUEST-DATA-FORMAT: NV
PayPal\Core\PPHttpConnection: Adding header X-PAYPAL-RESPONSE-DATA-FORMAT: NV
PayPal\Core\PPHttpConnection: Adding header X-PAYPAL-DEVICE-IPADDRESS: 127.0.0.1
PayPal\Core\PPHttpConnection: Adding header X-PAYPAL-REQUEST-SOURCE: adaptivepayments-php-sdk-3.6.106
PayPal\Core\PPHttpConnection: Adding header X-PAYPAL-APPLICATION-ID: APP-80W284485P519543T
PayPal\Core\PPHttpConnection: Adding header X-PAYPAL-SECURITY-USERID: info_api1.ananas-web.ru
PayPal\Core\PPHttpConnection: Adding header X-PAYPAL-SECURITY-PASSWORD: P7KUBZYK8RN462R2
PayPal\Core\PPHttpConnection: Adding header X-PAYPAL-SECURITY-SIGNATURE: AFcWxV21C7fd0v3bYYYRCpSSRl31A11ZPkdM0UA3lmo0MndV9erWalw9
PayPal\Core\PPAPIService: Response: responseEnvelope.timestamp=2016-07-05T11%3A07%3A15.924-07%3A00&responseEnvelope.ack=Success&responseEnvelope.correlationId=560a2752bba9b&responseEnvelope.build=23046607&payKey=AP-33H07711HA772045J&paymentExecStatus=CREATED
PayPal\Core\PPAPIService: Request: requestEnvelope.errorLanguage=en_US&actionType=PAY&cancelUrl=http%3A%2F%2Fvault-x.my%2Ferror&currencyCode=USD&feesPayer=PRIMARYRECEIVER&receiverList.receiver(0).amount=100&receiverList.receiver(0).email=info-coordinator%40ananas-web.ru&receiverList.receiver(0).primary=1&receiverList.receiver(1).amount=100&receiverList.receiver(1).email=info-buyer%40ananas-web.ru&senderEmail=vaultx-donater%40ananas-web.ru&returnUrl=http%3A%2F%2Fvault-x.my%2Fsuccess
PayPal\Core\PPHttpConnection: Adding header X-PAYPAL-REQUEST-DATA-FORMAT: NV
PayPal\Core\PPHttpConnection: Adding header X-PAYPAL-RESPONSE-DATA-FORMAT: NV
PayPal\Core\PPHttpConnection: Adding header X-PAYPAL-DEVICE-IPADDRESS: 127.0.0.1
PayPal\Core\PPHttpConnection: Adding header X-PAYPAL-REQUEST-SOURCE: adaptivepayments-php-sdk-3.6.106
PayPal\Core\PPHttpConnection: Adding header X-PAYPAL-APPLICATION-ID: APP-80W284485P519543T
PayPal\Core\PPHttpConnection: Adding header X-PAYPAL-SECURITY-USERID: info_api1.ananas-web.ru
PayPal\Core\PPHttpConnection: Adding header X-PAYPAL-SECURITY-PASSWORD: P7KUBZYK8RN462R2
PayPal\Core\PPHttpConnection: Adding header X-PAYPAL-SECURITY-SIGNATURE: AFcWxV21C7fd0v3bYYYRCpSSRl31A11ZPkdM0UA3lmo0MndV9erWalw9
PayPal\Core\PPAPIService: Response: responseEnvelope.timestamp=2016-07-05T11%3A07%3A34.896-07%3A00&responseEnvelope.ack=Success&responseEnvelope.correlationId=24e4164fbc6db&responseEnvelope.build=23046607&payKey=AP-48190251AT7861408&paymentExecStatus=CREATED
PayPal\Core\PPAPIService: Request: requestEnvelope.errorLanguage=en_US&actionType=PAY&cancelUrl=http%3A%2F%2Fvault-x.my%2Ferror&currencyCode=USD&feesPayer=PRIMARYRECEIVER&receiverList.receiver(0).amount=100&receiverList.receiver(0).email=info-coordinator%40ananas-web.ru&receiverList.receiver(0).primary=1&receiverList.receiver(1).amount=100&receiverList.receiver(1).email=vaultx-admin%40ananas-web.ru&senderEmail=vaultx-donater%40ananas-web.ru&returnUrl=http%3A%2F%2Fvault-x.my%2Fsuccess
PayPal\Core\PPHttpConnection: Adding header X-PAYPAL-REQUEST-DATA-FORMAT: NV
PayPal\Core\PPHttpConnection: Adding header X-PAYPAL-RESPONSE-DATA-FORMAT: NV
PayPal\Core\PPHttpConnection: Adding header X-PAYPAL-DEVICE-IPADDRESS: 127.0.0.1
PayPal\Core\PPHttpConnection: Adding header X-PAYPAL-REQUEST-SOURCE: adaptivepayments-php-sdk-3.6.106
PayPal\Core\PPHttpConnection: Adding header X-PAYPAL-APPLICATION-ID: APP-80W284485P519543T
PayPal\Core\PPHttpConnection: Adding header X-PAYPAL-SECURITY-USERID: info_api1.ananas-web.ru
PayPal\Core\PPHttpConnection: Adding header X-PAYPAL-SECURITY-PASSWORD: P7KUBZYK8RN462R2
PayPal\Core\PPHttpConnection: Adding header X-PAYPAL-SECURITY-SIGNATURE: AFcWxV21C7fd0v3bYYYRCpSSRl31A11ZPkdM0UA3lmo0MndV9erWalw9
PayPal\Core\PPAPIService: Response: responseEnvelope.timestamp=2016-07-05T11%3A12%3A58.577-07%3A00&responseEnvelope.ack=Failure&responseEnvelope.correlationId=c4317af860ed8&responseEnvelope.build=23046607&error(0).errorId=520009&error(0).domain=PLATFORM&error(0).subdomain=Application&error(0).severity=Error&error(0).category=Application&error(0).message=Account+Account+not+found.+Unilateral+receiver+not+allowed+in+chained+payment+is+restricted&error(0).parameter(0)=Account+not+found.+Unilateral+receiver+not+allowed+in+chained+payment
PayPal\Core\PPAPIService: Request: requestEnvelope.errorLanguage=en_US&actionType=PAY&cancelUrl=http%3A%2F%2Fvault-x.my%2Ferror&currencyCode=USD&feesPayer=PRIMARYRECEIVER&receiverList.receiver(0).amount=100&receiverList.receiver(0).email=info-coordinator%40ananas-web.ru&receiverList.receiver(0).primary=1&receiverList.receiver(1).amount=100&receiverList.receiver(1).email=vaultx-admin%40ananas-web.ru&senderEmail=vaultx-donater%40ananas-web.ru&returnUrl=http%3A%2F%2Fvault-x.my%2Fsuccess
PayPal\Core\PPHttpConnection: Adding header X-PAYPAL-REQUEST-DATA-FORMAT: NV
PayPal\Core\PPHttpConnection: Adding header X-PAYPAL-RESPONSE-DATA-FORMAT: NV
PayPal\Core\PPHttpConnection: Adding header X-PAYPAL-DEVICE-IPADDRESS: 127.0.0.1
PayPal\Core\PPHttpConnection: Adding header X-PAYPAL-REQUEST-SOURCE: adaptivepayments-php-sdk-3.6.106
PayPal\Core\PPHttpConnection: Adding header X-PAYPAL-APPLICATION-ID: APP-80W284485P519543T
PayPal\Core\PPHttpConnection: Adding header X-PAYPAL-SECURITY-USERID: info_api1.ananas-web.ru
PayPal\Core\PPHttpConnection: Adding header X-PAYPAL-SECURITY-PASSWORD: P7KUBZYK8RN462R2
PayPal\Core\PPHttpConnection: Adding header X-PAYPAL-SECURITY-SIGNATURE: AFcWxV21C7fd0v3bYYYRCpSSRl31A11ZPkdM0UA3lmo0MndV9erWalw9
PayPal\Core\PPAPIService: Response: responseEnvelope.timestamp=2016-07-05T11%3A13%3A44.242-07%3A00&responseEnvelope.ack=Failure&responseEnvelope.correlationId=de0b37d21540b&responseEnvelope.build=23046607&error(0).errorId=520009&error(0).domain=PLATFORM&error(0).subdomain=Application&error(0).severity=Error&error(0).category=Application&error(0).message=Account+Account+not+found.+Unilateral+receiver+not+allowed+in+chained+payment+is+restricted&error(0).parameter(0)=Account+not+found.+Unilateral+receiver+not+allowed+in+chained+payment
PayPal\Core\PPAPIService: Request: requestEnvelope.errorLanguage=en_US&actionType=PAY&cancelUrl=http%3A%2F%2Fvault-x.my%2Ferror&currencyCode=USD&feesPayer=PRIMARYRECEIVER&receiverList.receiver(0).amount=100&receiverList.receiver(0).email=info-coordinator%40ananas-web.ru&receiverList.receiver(0).primary=1&receiverList.receiver(1).amount=100&receiverList.receiver(1).email=vaultx-admin%40ananas-web.ru&senderEmail=vaultx-donater%40ananas-web.ru&returnUrl=http%3A%2F%2Fvault-x.my%2Fsuccess
PayPal\Core\PPHttpConnection: Adding header X-PAYPAL-REQUEST-DATA-FORMAT: NV
PayPal\Core\PPHttpConnection: Adding header X-PAYPAL-RESPONSE-DATA-FORMAT: NV
PayPal\Core\PPHttpConnection: Adding header X-PAYPAL-DEVICE-IPADDRESS: 127.0.0.1
PayPal\Core\PPHttpConnection: Adding header X-PAYPAL-REQUEST-SOURCE: adaptivepayments-php-sdk-3.6.106
PayPal\Core\PPHttpConnection: Adding header X-PAYPAL-APPLICATION-ID: APP-80W284485P519543T
PayPal\Core\PPHttpConnection: Adding header X-PAYPAL-SECURITY-USERID: info_api1.ananas-web.ru
PayPal\Core\PPHttpConnection: Adding header X-PAYPAL-SECURITY-PASSWORD: P7KUBZYK8RN462R2
PayPal\Core\PPHttpConnection: Adding header X-PAYPAL-SECURITY-SIGNATURE: AFcWxV21C7fd0v3bYYYRCpSSRl31A11ZPkdM0UA3lmo0MndV9erWalw9
PayPal\Core\PPAPIService: Response: responseEnvelope.timestamp=2016-07-05T11%3A15%3A33.508-07%3A00&responseEnvelope.ack=Failure&responseEnvelope.correlationId=68dd66e50edb0&responseEnvelope.build=23046607&error(0).errorId=520009&error(0).domain=PLATFORM&error(0).subdomain=Application&error(0).severity=Error&error(0).category=Application&error(0).message=Account+Account+not+found.+Unilateral+receiver+not+allowed+in+chained+payment+is+restricted&error(0).parameter(0)=Account+not+found.+Unilateral+receiver+not+allowed+in+chained+payment
PayPal\Core\PPAPIService: Request: requestEnvelope.errorLanguage=en_US&actionType=PAY&cancelUrl=http%3A%2F%2Fvault-x.my%2Ferror&currencyCode=USD&feesPayer=PRIMARYRECEIVER&receiverList.receiver(0).amount=100&receiverList.receiver(0).email=info-coordinator%40ananas-web.ru&receiverList.receiver(0).primary=1&receiverList.receiver(1).amount=0.15&receiverList.receiver(1).email=vaultx-admin%40ananas-web.ru&senderEmail=vaultx-donater%40ananas-web.ru&returnUrl=http%3A%2F%2Fvault-x.my%2Fsuccess
PayPal\Core\PPHttpConnection: Adding header X-PAYPAL-REQUEST-DATA-FORMAT: NV
PayPal\Core\PPHttpConnection: Adding header X-PAYPAL-RESPONSE-DATA-FORMAT: NV
PayPal\Core\PPHttpConnection: Adding header X-PAYPAL-DEVICE-IPADDRESS: 127.0.0.1
PayPal\Core\PPHttpConnection: Adding header X-PAYPAL-REQUEST-SOURCE: adaptivepayments-php-sdk-3.6.106
PayPal\Core\PPHttpConnection: Adding header X-PAYPAL-APPLICATION-ID: APP-80W284485P519543T
PayPal\Core\PPHttpConnection: Adding header X-PAYPAL-SECURITY-USERID: info_api1.ananas-web.ru
PayPal\Core\PPHttpConnection: Adding header X-PAYPAL-SECURITY-PASSWORD: P7KUBZYK8RN462R2
PayPal\Core\PPHttpConnection: Adding header X-PAYPAL-SECURITY-SIGNATURE: AFcWxV21C7fd0v3bYYYRCpSSRl31A11ZPkdM0UA3lmo0MndV9erWalw9
PayPal\Core\PPAPIService: Response: responseEnvelope.timestamp=2016-07-05T11%3A16%3A55.358-07%3A00&responseEnvelope.ack=Failure&responseEnvelope.correlationId=dbc72c0034669&responseEnvelope.build=23046607&error(0).errorId=520009&error(0).domain=PLATFORM&error(0).subdomain=Application&error(0).severity=Error&error(0).category=Application&error(0).message=Account+Account+not+found.+Unilateral+receiver+not+allowed+in+chained+payment+is+restricted&error(0).parameter(0)=Account+not+found.+Unilateral+receiver+not+allowed+in+chained+payment
PayPal\Core\PPAPIService: Request: requestEnvelope.errorLanguage=en_US&actionType=PAY&cancelUrl=http%3A%2F%2Fvault-x.my%2Ferror&currencyCode=USD&feesPayer=PRIMARYRECEIVER&receiverList.receiver(0).amount=100&receiverList.receiver(0).email=info-coordinator%40ananas-web.ru&receiverList.receiver(0).primary=1&receiverList.receiver(1).amount=0.15&receiverList.receiver(1).email=vaultx-admin%40ananas-web.ru&senderEmail=vaultx-donater%40ananas-web.ru&returnUrl=http%3A%2F%2Fvault-x.my%2Fsuccess
PayPal\Core\PPHttpConnection: Adding header X-PAYPAL-REQUEST-DATA-FORMAT: NV
PayPal\Core\PPHttpConnection: Adding header X-PAYPAL-RESPONSE-DATA-FORMAT: NV
PayPal\Core\PPHttpConnection: Adding header X-PAYPAL-DEVICE-IPADDRESS: 127.0.0.1
PayPal\Core\PPHttpConnection: Adding header X-PAYPAL-REQUEST-SOURCE: adaptivepayments-php-sdk-3.6.106
PayPal\Core\PPHttpConnection: Adding header X-PAYPAL-APPLICATION-ID: APP-80W284485P519543T
PayPal\Core\PPHttpConnection: Adding header X-PAYPAL-SECURITY-USERID: info_api1.ananas-web.ru
PayPal\Core\PPHttpConnection: Adding header X-PAYPAL-SECURITY-PASSWORD: P7KUBZYK8RN462R2
PayPal\Core\PPHttpConnection: Adding header X-PAYPAL-SECURITY-SIGNATURE: AFcWxV21C7fd0v3bYYYRCpSSRl31A11ZPkdM0UA3lmo0MndV9erWalw9
PayPal\Core\PPAPIService: Response: responseEnvelope.timestamp=2016-07-05T11%3A19%3A25.020-07%3A00&responseEnvelope.ack=Failure&responseEnvelope.correlationId=68fe476cc8c5d&responseEnvelope.build=23046607&error(0).errorId=520009&error(0).domain=PLATFORM&error(0).subdomain=Application&error(0).severity=Error&error(0).category=Application&error(0).message=Account+Account+not+found.+Unilateral+receiver+not+allowed+in+chained+payment+is+restricted&error(0).parameter(0)=Account+not+found.+Unilateral+receiver+not+allowed+in+chained+payment
PayPal\Core\PPAPIService: Request: requestEnvelope.errorLanguage=en_US&actionType=PAY&cancelUrl=http%3A%2F%2Fvault-x.my%2Ferror&currencyCode=USD&feesPayer=PRIMARYRECEIVER&receiverList.receiver(0).amount=100&receiverList.receiver(0).email=info-coordinator%40ananas-web.ru&receiverList.receiver(0).primary=1&receiverList.receiver(1).amount=0.15&receiverList.receiver(1).email=vaultx-admin%40ananas-web.ru&senderEmail=vaultx-donater%40ananas-web.ru&returnUrl=http%3A%2F%2Fvault-x.my%2Fsuccess
PayPal\Core\PPHttpConnection: Adding header X-PAYPAL-REQUEST-DATA-FORMAT: NV
PayPal\Core\PPHttpConnection: Adding header X-PAYPAL-RESPONSE-DATA-FORMAT: NV
PayPal\Core\PPHttpConnection: Adding header X-PAYPAL-DEVICE-IPADDRESS: 127.0.0.1
PayPal\Core\PPHttpConnection: Adding header X-PAYPAL-REQUEST-SOURCE: adaptivepayments-php-sdk-3.6.106
PayPal\Core\PPHttpConnection: Adding header X-PAYPAL-APPLICATION-ID: APP-80W284485P519543T
PayPal\Core\PPHttpConnection: Adding header X-PAYPAL-SECURITY-USERID: info_api1.ananas-web.ru
PayPal\Core\PPHttpConnection: Adding header X-PAYPAL-SECURITY-PASSWORD: P7KUBZYK8RN462R2
PayPal\Core\PPHttpConnection: Adding header X-PAYPAL-SECURITY-SIGNATURE: AFcWxV21C7fd0v3bYYYRCpSSRl31A11ZPkdM0UA3lmo0MndV9erWalw9
PayPal\Core\PPAPIService: Response: responseEnvelope.timestamp=2016-07-05T11%3A21%3A27.305-07%3A00&responseEnvelope.ack=Failure&responseEnvelope.correlationId=990b8b94e7db0&responseEnvelope.build=23046607&error(0).errorId=520009&error(0).domain=PLATFORM&error(0).subdomain=Application&error(0).severity=Error&error(0).category=Application&error(0).message=Account+Account+not+found.+Unilateral+receiver+not+allowed+in+chained+payment+is+restricted&error(0).parameter(0)=Account+not+found.+Unilateral+receiver+not+allowed+in+chained+payment
PayPal\Core\PPAPIService: Request: requestEnvelope.errorLanguage=en_US&actionType=PAY&cancelUrl=http%3A%2F%2Fvault-x.my%2Ferror&currencyCode=USD&feesPayer=PRIMARYRECEIVER&receiverList.receiver(0).amount=100&receiverList.receiver(0).email=vaultx-coordinator%40ananas-web.ru&receiverList.receiver(0).primary=1&receiverList.receiver(1).amount=0.15&receiverList.receiver(1).email=vaultx-admin%40ananas-web.ru&senderEmail=vaultx-donater%40ananas-web.ru&returnUrl=http%3A%2F%2Fvault-x.my%2Fsuccess
PayPal\Core\PPHttpConnection: Adding header X-PAYPAL-REQUEST-DATA-FORMAT: NV
PayPal\Core\PPHttpConnection: Adding header X-PAYPAL-RESPONSE-DATA-FORMAT: NV
PayPal\Core\PPHttpConnection: Adding header X-PAYPAL-DEVICE-IPADDRESS: 127.0.0.1
PayPal\Core\PPHttpConnection: Adding header X-PAYPAL-REQUEST-SOURCE: adaptivepayments-php-sdk-3.6.106
PayPal\Core\PPHttpConnection: Adding header X-PAYPAL-APPLICATION-ID: APP-80W284485P519543T
PayPal\Core\PPHttpConnection: Adding header X-PAYPAL-SECURITY-USERID: info_api1.ananas-web.ru
PayPal\Core\PPHttpConnection: Adding header X-PAYPAL-SECURITY-PASSWORD: P7KUBZYK8RN462R2
PayPal\Core\PPHttpConnection: Adding header X-PAYPAL-SECURITY-SIGNATURE: AFcWxV21C7fd0v3bYYYRCpSSRl31A11ZPkdM0UA3lmo0MndV9erWalw9
PayPal\Core\PPAPIService: Response: responseEnvelope.timestamp=2016-07-05T11%3A23%3A38.056-07%3A00&responseEnvelope.ack=Success&responseEnvelope.correlationId=be4f54ab8ad3b&responseEnvelope.build=23046607&payKey=AP-9GC07092NW032613N&paymentExecStatus=CREATED
PayPal\Core\PPAPIService: Request: requestEnvelope.errorLanguage=en_US&actionType=PAY&cancelUrl=http%3A%2F%2Fvault-x.my%2Ferror&currencyCode=USD&feesPayer=PRIMARYRECEIVER&receiverList.receiver(0).amount=100&receiverList.receiver(0).email=vaultx-coordinator%40ananas-web.ru&receiverList.receiver(0).primary=1&receiverList.receiver(1).amount=0.15&receiverList.receiver(1).email=vaultx-admin%40ananas-web.ru&senderEmail=vaultx-donater%40ananas-web.ru&returnUrl=http%3A%2F%2Fvault-x.my%2Fsuccess
PayPal\Core\PPHttpConnection: Adding header X-PAYPAL-REQUEST-DATA-FORMAT: NV
PayPal\Core\PPHttpConnection: Adding header X-PAYPAL-RESPONSE-DATA-FORMAT: NV
PayPal\Core\PPHttpConnection: Adding header X-PAYPAL-DEVICE-IPADDRESS: 127.0.0.1
PayPal\Core\PPHttpConnection: Adding header X-PAYPAL-REQUEST-SOURCE: adaptivepayments-php-sdk-3.6.106
PayPal\Core\PPHttpConnection: Adding header X-PAYPAL-APPLICATION-ID: APP-80W284485P519543T
PayPal\Core\PPHttpConnection: Adding header X-PAYPAL-SECURITY-USERID: info_api1.ananas-web.ru
PayPal\Core\PPHttpConnection: Adding header X-PAYPAL-SECURITY-PASSWORD: P7KUBZYK8RN462R2
PayPal\Core\PPHttpConnection: Adding header X-PAYPAL-SECURITY-SIGNATURE: AFcWxV21C7fd0v3bYYYRCpSSRl31A11ZPkdM0UA3lmo0MndV9erWalw9
PayPal\Core\PPAPIService: Response: responseEnvelope.timestamp=2016-07-05T11%3A23%3A51.803-07%3A00&responseEnvelope.ack=Success&responseEnvelope.correlationId=48ab27c782c34&responseEnvelope.build=23046607&payKey=AP-16W93395JM089833C&paymentExecStatus=CREATED
PayPal\Core\PPAPIService: Request: requestEnvelope.errorLanguage=en_US&actionType=PAY&cancelUrl=http%3A%2F%2Fvault-x.my%2Ferror&currencyCode=USD&feesPayer=PRIMARYRECEIVER&receiverList.receiver(0).amount=100&receiverList.receiver(0).email=vaultx-coordinator%40ananas-web.ru&receiverList.receiver(0).primary=1&receiverList.receiver(1).amount=0.15&receiverList.receiver(1).email=vault2x-admin%40ananas-web.ru&senderEmail=vaultx-donater%40ananas-web.ru&returnUrl=http%3A%2F%2Fvault-x.my%2Fsuccess
PayPal\Core\PPHttpConnection: Adding header X-PAYPAL-REQUEST-DATA-FORMAT: NV
PayPal\Core\PPHttpConnection: Adding header X-PAYPAL-RESPONSE-DATA-FORMAT: NV
PayPal\Core\PPHttpConnection: Adding header X-PAYPAL-DEVICE-IPADDRESS: 127.0.0.1
PayPal\Core\PPHttpConnection: Adding header X-PAYPAL-REQUEST-SOURCE: adaptivepayments-php-sdk-3.6.106
PayPal\Core\PPHttpConnection: Adding header X-PAYPAL-APPLICATION-ID: APP-80W284485P519543T
PayPal\Core\PPHttpConnection: Adding header X-PAYPAL-SECURITY-USERID: info_api1.ananas-web.ru
PayPal\Core\PPHttpConnection: Adding header X-PAYPAL-SECURITY-PASSWORD: P7KUBZYK8RN462R2
PayPal\Core\PPHttpConnection: Adding header X-PAYPAL-SECURITY-SIGNATURE: AFcWxV21C7fd0v3bYYYRCpSSRl31A11ZPkdM0UA3lmo0MndV9erWalw9
PayPal\Core\PPAPIService: Response: responseEnvelope.timestamp=2016-07-05T11%3A30%3A37.125-07%3A00&responseEnvelope.ack=Failure&responseEnvelope.correlationId=f3a3f5076e5b6&responseEnvelope.build=23046607&error(0).errorId=520009&error(0).domain=PLATFORM&error(0).subdomain=Application&error(0).severity=Error&error(0).category=Application&error(0).message=Account+Account+not+found.+Unilateral+receiver+not+allowed+in+chained+payment+is+restricted&error(0).parameter(0)=Account+not+found.+Unilateral+receiver+not+allowed+in+chained+payment
PayPal\Core\PPAPIService: Request: requestEnvelope.errorLanguage=en_US&actionType=PAY&cancelUrl=http%3A%2F%2Fvault-x.my%2Ferror&currencyCode=USD&feesPayer=PRIMARYRECEIVER&receiverList.receiver(0).amount=100&receiverList.receiver(0).email=vaultx-coordinator%40ananas-web.ru&receiverList.receiver(0).primary=1&receiverList.receiver(1).amount=0.15&receiverList.receiver(1).email=vault2x-admin%40ananas-web.ru&senderEmail=vaultx-donater%40ananas-web.ru&returnUrl=http%3A%2F%2Fvault-x.my%2Fsuccess
PayPal\Core\PPHttpConnection: Adding header X-PAYPAL-REQUEST-DATA-FORMAT: NV
PayPal\Core\PPHttpConnection: Adding header X-PAYPAL-RESPONSE-DATA-FORMAT: NV
PayPal\Core\PPHttpConnection: Adding header X-PAYPAL-DEVICE-IPADDRESS: 127.0.0.1
PayPal\Core\PPHttpConnection: Adding header X-PAYPAL-REQUEST-SOURCE: adaptivepayments-php-sdk-3.6.106
PayPal\Core\PPHttpConnection: Adding header X-PAYPAL-APPLICATION-ID: APP-80W284485P519543T
PayPal\Core\PPHttpConnection: Adding header X-PAYPAL-SECURITY-USERID: info_api1.ananas-web.ru
PayPal\Core\PPHttpConnection: Adding header X-PAYPAL-SECURITY-PASSWORD: P7KUBZYK8RN462R2
PayPal\Core\PPHttpConnection: Adding header X-PAYPAL-SECURITY-SIGNATURE: AFcWxV21C7fd0v3bYYYRCpSSRl31A11ZPkdM0UA3lmo0MndV9erWalw9
PayPal\Core\PPAPIService: Response: responseEnvelope.timestamp=2016-07-05T11%3A31%3A28.128-07%3A00&responseEnvelope.ack=Failure&responseEnvelope.correlationId=2f52336a1fec2&responseEnvelope.build=23046607&error(0).errorId=520009&error(0).domain=PLATFORM&error(0).subdomain=Application&error(0).severity=Error&error(0).category=Application&error(0).message=Account+Account+not+found.+Unilateral+receiver+not+allowed+in+chained+payment+is+restricted&error(0).parameter(0)=Account+not+found.+Unilateral+receiver+not+allowed+in+chained+payment
PayPal\Core\PPAPIService: Request: requestEnvelope.errorLanguage=en_US&actionType=PAY&cancelUrl=http%3A%2F%2Fvault-x.my%2Ferror&currencyCode=USD&feesPayer=PRIMARYRECEIVER&receiverList.receiver(0).amount=104.03238341969&receiverList.receiver(0).email=vaultx-coordinator%40ananas-web.ru&receiverList.receiver(0).primary=1&receiverList.receiver(1).amount=0.15&receiverList.receiver(1).email=vault2x-admin%40ananas-web.ru&senderEmail=vaultx-donater%40ananas-web.ru&returnUrl=http%3A%2F%2Fvault-x.my%2Fsuccess&fundingConstraint.allowedFundingType.fundingTypeInfo(0).fundingType=ECHECK&fundingConstraint.allowedFundingType.fundingTypeInfo(1).fundingType=BALANCE&fundingConstraint.allowedFundingType.fundingTypeInfo(2).fundingType=CREDITCARD
PayPal\Core\PPHttpConnection: Adding header X-PAYPAL-REQUEST-DATA-FORMAT: NV
PayPal\Core\PPHttpConnection: Adding header X-PAYPAL-RESPONSE-DATA-FORMAT: NV
PayPal\Core\PPHttpConnection: Adding header X-PAYPAL-DEVICE-IPADDRESS: 127.0.0.1
PayPal\Core\PPHttpConnection: Adding header X-PAYPAL-REQUEST-SOURCE: adaptivepayments-php-sdk-3.6.106
PayPal\Core\PPHttpConnection: Adding header X-PAYPAL-APPLICATION-ID: APP-80W284485P519543T
PayPal\Core\PPHttpConnection: Adding header X-PAYPAL-SECURITY-USERID: info_api1.ananas-web.ru
PayPal\Core\PPHttpConnection: Adding header X-PAYPAL-SECURITY-PASSWORD: P7KUBZYK8RN462R2
PayPal\Core\PPHttpConnection: Adding header X-PAYPAL-SECURITY-SIGNATURE: AFcWxV21C7fd0v3bYYYRCpSSRl31A11ZPkdM0UA3lmo0MndV9erWalw9
PayPal\Core\PPAPIService: Response: responseEnvelope.timestamp=2016-07-05T11%3A42%3A31.905-07%3A00&responseEnvelope.ack=Failure&responseEnvelope.correlationId=eda5feb6b079d&responseEnvelope.build=23046607&error(0).errorId=589023&error(0).domain=PLATFORM&error(0).subdomain=Application&error(0).severity=Error&error(0).category=Application&error(0).message=If+the+fractional+amount+is+rounded+for+currency+conversion%2C+funds+could+be+lost
PayPal\Core\PPAPIService: Request: requestEnvelope.errorLanguage=en_US&actionType=PAY&cancelUrl=http%3A%2F%2Fvault-x.my%2Ferror&currencyCode=USD&feesPayer=PRIMARYRECEIVER&receiverList.receiver(0).amount=104.03238341969&receiverList.receiver(0).email=vaultx-coordinator%40ananas-web.ru&receiverList.receiver(0).primary=1&receiverList.receiver(1).amount=0.15&receiverList.receiver(1).email=vaultx-admin%40ananas-web.ru&senderEmail=vaultx-donater%40ananas-web.ru&returnUrl=http%3A%2F%2Fvault-x.my%2Fsuccess&fundingConstraint.allowedFundingType.fundingTypeInfo(0).fundingType=ECHECK&fundingConstraint.allowedFundingType.fundingTypeInfo(1).fundingType=BALANCE&fundingConstraint.allowedFundingType.fundingTypeInfo(2).fundingType=CREDITCARD
PayPal\Core\PPHttpConnection: Adding header X-PAYPAL-REQUEST-DATA-FORMAT: NV
PayPal\Core\PPHttpConnection: Adding header X-PAYPAL-RESPONSE-DATA-FORMAT: NV
PayPal\Core\PPHttpConnection: Adding header X-PAYPAL-DEVICE-IPADDRESS: 127.0.0.1
PayPal\Core\PPHttpConnection: Adding header X-PAYPAL-REQUEST-SOURCE: adaptivepayments-php-sdk-3.6.106
PayPal\Core\PPHttpConnection: Adding header X-PAYPAL-APPLICATION-ID: APP-80W284485P519543T
PayPal\Core\PPHttpConnection: Adding header X-PAYPAL-SECURITY-USERID: info_api1.ananas-web.ru
PayPal\Core\PPHttpConnection: Adding header X-PAYPAL-SECURITY-PASSWORD: P7KUBZYK8RN462R2
PayPal\Core\PPHttpConnection: Adding header X-PAYPAL-SECURITY-SIGNATURE: AFcWxV21C7fd0v3bYYYRCpSSRl31A11ZPkdM0UA3lmo0MndV9erWalw9
PayPal\Core\PPAPIService: Response: responseEnvelope.timestamp=2016-07-05T11%3A42%3A44.786-07%3A00&responseEnvelope.ack=Failure&responseEnvelope.correlationId=f3ea2572bf5a4&responseEnvelope.build=23046607&error(0).errorId=589023&error(0).domain=PLATFORM&error(0).subdomain=Application&error(0).severity=Error&error(0).category=Application&error(0).message=If+the+fractional+amount+is+rounded+for+currency+conversion%2C+funds+could+be+lost
PayPal\Core\PPAPIService: Request: requestEnvelope.errorLanguage=en_US&actionType=PAY&cancelUrl=http%3A%2F%2Fvault-x.my%2Ferror&currencyCode=USD&feesPayer=PRIMARYRECEIVER&receiverList.receiver(0).amount=104.03&receiverList.receiver(0).email=vaultx-coordinator%40ananas-web.ru&receiverList.receiver(0).primary=1&receiverList.receiver(1).amount=0.15&receiverList.receiver(1).email=vaultx-admin%40ananas-web.ru&senderEmail=vaultx-donater%40ananas-web.ru&returnUrl=http%3A%2F%2Fvault-x.my%2Fsuccess&fundingConstraint.allowedFundingType.fundingTypeInfo(0).fundingType=ECHECK&fundingConstraint.allowedFundingType.fundingTypeInfo(1).fundingType=BALANCE&fundingConstraint.allowedFundingType.fundingTypeInfo(2).fundingType=CREDITCARD
PayPal\Core\PPHttpConnection: Adding header X-PAYPAL-REQUEST-DATA-FORMAT: NV
PayPal\Core\PPHttpConnection: Adding header X-PAYPAL-RESPONSE-DATA-FORMAT: NV
PayPal\Core\PPHttpConnection: Adding header X-PAYPAL-DEVICE-IPADDRESS: 127.0.0.1
PayPal\Core\PPHttpConnection: Adding header X-PAYPAL-REQUEST-SOURCE: adaptivepayments-php-sdk-3.6.106
PayPal\Core\PPHttpConnection: Adding header X-PAYPAL-APPLICATION-ID: APP-80W284485P519543T
PayPal\Core\PPHttpConnection: Adding header X-PAYPAL-SECURITY-USERID: info_api1.ananas-web.ru
PayPal\Core\PPHttpConnection: Adding header X-PAYPAL-SECURITY-PASSWORD: P7KUBZYK8RN462R2
PayPal\Core\PPHttpConnection: Adding header X-PAYPAL-SECURITY-SIGNATURE: AFcWxV21C7fd0v3bYYYRCpSSRl31A11ZPkdM0UA3lmo0MndV9erWalw9
PayPal\Core\PPAPIService: Response: responseEnvelope.timestamp=2016-07-05T11%3A43%3A22.376-07%3A00&responseEnvelope.ack=Success&responseEnvelope.correlationId=758f626ba45f4&responseEnvelope.build=23046607&payKey=AP-9B097304LA739593T&paymentExecStatus=CREATED
PayPal\Core\PPAPIService: Request: requestEnvelope.errorLanguage=en_US&actionType=PAY&cancelUrl=http%3A%2F%2Fvault-x.my%2Ferror&currencyCode=USD&feesPayer=PRIMARYRECEIVER&receiverList.receiver(0).amount=103.46&receiverList.receiver(0).email=vaultx-coordinator%40ananas-web.ru&receiverList.receiver(0).primary=1&receiverList.receiver(1).amount=0.15&receiverList.receiver(1).email=vaultx-admin%40ananas-web.ru&senderEmail=vaultx-donater%40ananas-web.ru&returnUrl=http%3A%2F%2Fvault-x.my%2Fsuccess&fundingConstraint.allowedFundingType.fundingTypeInfo(0).fundingType=ECHECK&fundingConstraint.allowedFundingType.fundingTypeInfo(1).fundingType=BALANCE&fundingConstraint.allowedFundingType.fundingTypeInfo(2).fundingType=CREDITCARD
PayPal\Core\PPHttpConnection: Adding header X-PAYPAL-REQUEST-DATA-FORMAT: NV
PayPal\Core\PPHttpConnection: Adding header X-PAYPAL-RESPONSE-DATA-FORMAT: NV
PayPal\Core\PPHttpConnection: Adding header X-PAYPAL-DEVICE-IPADDRESS: 127.0.0.1
PayPal\Core\PPHttpConnection: Adding header X-PAYPAL-REQUEST-SOURCE: adaptivepayments-php-sdk-3.6.106
PayPal\Core\PPHttpConnection: Adding header X-PAYPAL-APPLICATION-ID: APP-80W284485P519543T
PayPal\Core\PPHttpConnection: Adding header X-PAYPAL-SECURITY-USERID: info_api1.ananas-web.ru
PayPal\Core\PPHttpConnection: Adding header X-PAYPAL-SECURITY-PASSWORD: P7KUBZYK8RN462R2
PayPal\Core\PPHttpConnection: Adding header X-PAYPAL-SECURITY-SIGNATURE: AFcWxV21C7fd0v3bYYYRCpSSRl31A11ZPkdM0UA3lmo0MndV9erWalw9
PayPal\Core\PPAPIService: Response: responseEnvelope.timestamp=2016-07-05T11%3A50%3A56.739-07%3A00&responseEnvelope.ack=Success&responseEnvelope.correlationId=d6dc39a536e83&responseEnvelope.build=23046607&payKey=AP-6GY331120J166553W&paymentExecStatus=CREATED
PayPal\Core\PPAPIService: Request: requestEnvelope.errorLanguage=en_US&actionType=PAY&cancelUrl=http%3A%2F%2Fvault-x.my%2Ferror&currencyCode=USD&feesPayer=PRIMARYRECEIVER&receiverList.receiver(0).amount=100&receiverList.receiver(0).email=vaultx-coordinator%40ananas-web.ru&receiverList.receiver(0).primary=1&receiverList.receiver(1).amount=0.15&receiverList.receiver(1).email=vaultx-admin%40ananas-web.ru&senderEmail=vaultx-donater%40ananas-web.ru&returnUrl=http%3A%2F%2Fvault-x.my%2Fsuccess&fundingConstraint.allowedFundingType.fundingTypeInfo(0).fundingType=ECHECK&fundingConstraint.allowedFundingType.fundingTypeInfo(1).fundingType=BALANCE&fundingConstraint.allowedFundingType.fundingTypeInfo(2).fundingType=CREDITCARD
PayPal\Core\PPHttpConnection: Adding header X-PAYPAL-REQUEST-DATA-FORMAT: NV
PayPal\Core\PPHttpConnection: Adding header X-PAYPAL-RESPONSE-DATA-FORMAT: NV
PayPal\Core\PPHttpConnection: Adding header X-PAYPAL-DEVICE-IPADDRESS: 127.0.0.1
PayPal\Core\PPHttpConnection: Adding header X-PAYPAL-REQUEST-SOURCE: adaptivepayments-php-sdk-3.6.106
PayPal\Core\PPHttpConnection: Adding header X-PAYPAL-APPLICATION-ID: APP-80W284485P519543T
PayPal\Core\PPHttpConnection: Adding header X-PAYPAL-SECURITY-USERID: info_api1.ananas-web.ru
PayPal\Core\PPHttpConnection: Adding header X-PAYPAL-SECURITY-PASSWORD: P7KUBZYK8RN462R2
PayPal\Core\PPHttpConnection: Adding header X-PAYPAL-SECURITY-SIGNATURE: AFcWxV21C7fd0v3bYYYRCpSSRl31A11ZPkdM0UA3lmo0MndV9erWalw9
PayPal\Core\PPAPIService: Response: responseEnvelope.timestamp=2016-07-06T04%3A26%3A18.057-07%3A00&responseEnvelope.ack=Success&responseEnvelope.correlationId=bd4969ecf7eef&responseEnvelope.build=23046607&payKey=AP-0B496315M1678542R&paymentExecStatus=CREATED
PayPal\Core\PPAPIService: Request: requestEnvelope.errorLanguage=en_US&actionType=PAY&cancelUrl=http%3A%2F%2Fvault-x.my%2Ferror&currencyCode=USD&feesPayer=PRIMARYRECEIVER&receiverList.receiver(0).amount=100&receiverList.receiver(0).email=vaultx-coordinator%40ananas-web.ru&receiverList.receiver(0).primary=1&receiverList.receiver(1).amount=0.15&receiverList.receiver(1).email=vaultx-admin%40ananas-web.ru&senderEmail=vaultx-donater%40ananas-web.ru&returnUrl=http%3A%2F%2Fvault-x.my%2Fsuccess&fundingConstraint.allowedFundingType.fundingTypeInfo(0).fundingType=ECHECK&fundingConstraint.allowedFundingType.fundingTypeInfo(1).fundingType=BALANCE&fundingConstraint.allowedFundingType.fundingTypeInfo(2).fundingType=CREDITCARD
PayPal\Core\PPHttpConnection: Adding header X-PAYPAL-REQUEST-DATA-FORMAT: NV
PayPal\Core\PPHttpConnection: Adding header X-PAYPAL-RESPONSE-DATA-FORMAT: NV
PayPal\Core\PPHttpConnection: Adding header X-PAYPAL-DEVICE-IPADDRESS: 127.0.0.1
PayPal\Core\PPHttpConnection: Adding header X-PAYPAL-REQUEST-SOURCE: adaptivepayments-php-sdk-3.6.106
PayPal\Core\PPHttpConnection: Adding header X-PAYPAL-APPLICATION-ID: APP-80W284485P519543T
PayPal\Core\PPHttpConnection: Adding header X-PAYPAL-SECURITY-USERID: info_api1.ananas-web.ru
PayPal\Core\PPHttpConnection: Adding header X-PAYPAL-SECURITY-PASSWORD: P7KUBZYK8RN462R2
PayPal\Core\PPHttpConnection: Adding header X-PAYPAL-SECURITY-SIGNATURE: AFcWxV21C7fd0v3bYYYRCpSSRl31A11ZPkdM0UA3lmo0MndV9erWalw9
PayPal\Core\PPAPIService: Response: responseEnvelope.timestamp=2016-07-06T04%3A26%3A43.619-07%3A00&responseEnvelope.ack=Success&responseEnvelope.correlationId=2e02e36cc0c70&responseEnvelope.build=23046607&payKey=AP-6JN82191EP568330H&paymentExecStatus=CREATED
PayPal\Core\PPAPIService: Request: requestEnvelope.errorLanguage=en_US&actionType=PAY&cancelUrl=http%3A%2F%2Fvault-x.my%2Ferror&currencyCode=USD&feesPayer=PRIMARYRECEIVER&receiverList.receiver(0).amount=103.6&receiverList.receiver(0).email=vaultx-coordinator%40ananas-web.ru&receiverList.receiver(0).primary=1&receiverList.receiver(1).amount=0.15&receiverList.receiver(1).email=vaultx-admin%40ananas-web.ru&senderEmail=vaultx-donater%40ananas-web.ru&returnUrl=http%3A%2F%2Fvault-x.my%2Fsuccess&fundingConstraint.allowedFundingType.fundingTypeInfo(0).fundingType=ECHECK&fundingConstraint.allowedFundingType.fundingTypeInfo(1).fundingType=BALANCE&fundingConstraint.allowedFundingType.fundingTypeInfo(2).fundingType=CREDITCARD
PayPal\Core\PPHttpConnection: Adding header X-PAYPAL-REQUEST-DATA-FORMAT: NV
PayPal\Core\PPHttpConnection: Adding header X-PAYPAL-RESPONSE-DATA-FORMAT: NV
PayPal\Core\PPHttpConnection: Adding header X-PAYPAL-DEVICE-IPADDRESS: 127.0.0.1
PayPal\Core\PPHttpConnection: Adding header X-PAYPAL-REQUEST-SOURCE: adaptivepayments-php-sdk-3.6.106
PayPal\Core\PPHttpConnection: Adding header X-PAYPAL-APPLICATION-ID: APP-80W284485P519543T
PayPal\Core\PPHttpConnection: Adding header X-PAYPAL-SECURITY-USERID: info_api1.ananas-web.ru
PayPal\Core\PPHttpConnection: Adding header X-PAYPAL-SECURITY-PASSWORD: P7KUBZYK8RN462R2
PayPal\Core\PPHttpConnection: Adding header X-PAYPAL-SECURITY-SIGNATURE: AFcWxV21C7fd0v3bYYYRCpSSRl31A11ZPkdM0UA3lmo0MndV9erWalw9
PayPal\Core\PPAPIService: Response: responseEnvelope.timestamp=2016-07-06T04%3A27%3A29.893-07%3A00&responseEnvelope.ack=Success&responseEnvelope.correlationId=306003c4c59ba&responseEnvelope.build=23046607&payKey=AP-26217241C8458532C&paymentExecStatus=CREATED
PayPal\Core\PPAPIService: Request: requestEnvelope.errorLanguage=en_US&actionType=PAY&cancelUrl=http%3A%2F%2Fvault-x.my%2Ferror&currencyCode=USD&feesPayer=PRIMARYRECEIVER&receiverList.receiver(0).amount=103.46074380165&receiverList.receiver(0).email=vaultx-coordinator%40ananas-web.ru&receiverList.receiver(0).primary=1&receiverList.receiver(1).amount=0.15&receiverList.receiver(1).email=vaultx-admin%40ananas-web.ru&senderEmail=vaultx-donater%40ananas-web.ru&returnUrl=http%3A%2F%2Fvault-x.my%2Fsuccess&fundingConstraint.allowedFundingType.fundingTypeInfo(0).fundingType=ECHECK&fundingConstraint.allowedFundingType.fundingTypeInfo(1).fundingType=BALANCE&fundingConstraint.allowedFundingType.fundingTypeInfo(2).fundingType=CREDITCARD
PayPal\Core\PPHttpConnection: Adding header X-PAYPAL-REQUEST-DATA-FORMAT: NV
PayPal\Core\PPHttpConnection: Adding header X-PAYPAL-RESPONSE-DATA-FORMAT: NV
PayPal\Core\PPHttpConnection: Adding header X-PAYPAL-DEVICE-IPADDRESS: 127.0.0.1
PayPal\Core\PPHttpConnection: Adding header X-PAYPAL-REQUEST-SOURCE: adaptivepayments-php-sdk-3.6.106
PayPal\Core\PPHttpConnection: Adding header X-PAYPAL-APPLICATION-ID: APP-80W284485P519543T
PayPal\Core\PPHttpConnection: Adding header X-PAYPAL-SECURITY-USERID: info_api1.ananas-web.ru
PayPal\Core\PPHttpConnection: Adding header X-PAYPAL-SECURITY-PASSWORD: P7KUBZYK8RN462R2
PayPal\Core\PPHttpConnection: Adding header X-PAYPAL-SECURITY-SIGNATURE: AFcWxV21C7fd0v3bYYYRCpSSRl31A11ZPkdM0UA3lmo0MndV9erWalw9
PayPal\Core\PPAPIService: Response: responseEnvelope.timestamp=2016-07-06T04%3A54%3A39.395-07%3A00&responseEnvelope.ack=Failure&responseEnvelope.correlationId=17c1dbe76ac0a&responseEnvelope.build=23046607&error(0).errorId=589023&error(0).domain=PLATFORM&error(0).subdomain=Application&error(0).severity=Error&error(0).category=Application&error(0).message=If+the+fractional+amount+is+rounded+for+currency+conversion%2C+funds+could+be+lost
PayPal\Core\PPAPIService: Request: requestEnvelope.errorLanguage=en_US&actionType=PAY&cancelUrl=http%3A%2F%2Fvault-x.my%2Ferror&currencyCode=USD&feesPayer=PRIMARYRECEIVER&receiverList.receiver(0).amount=103.46&receiverList.receiver(0).email=vaultx-coordinator%40ananas-web.ru&receiverList.receiver(0).primary=1&receiverList.receiver(1).amount=0.15&receiverList.receiver(1).email=vaultx-admin%40ananas-web.ru&senderEmail=vaultx-donater%40ananas-web.ru&returnUrl=http%3A%2F%2Fvault-x.my%2Fsuccess&fundingConstraint.allowedFundingType.fundingTypeInfo(0).fundingType=ECHECK&fundingConstraint.allowedFundingType.fundingTypeInfo(1).fundingType=BALANCE&fundingConstraint.allowedFundingType.fundingTypeInfo(2).fundingType=CREDITCARD
PayPal\Core\PPHttpConnection: Adding header X-PAYPAL-REQUEST-DATA-FORMAT: NV
PayPal\Core\PPHttpConnection: Adding header X-PAYPAL-RESPONSE-DATA-FORMAT: NV
PayPal\Core\PPHttpConnection: Adding header X-PAYPAL-DEVICE-IPADDRESS: 127.0.0.1
PayPal\Core\PPHttpConnection: Adding header X-PAYPAL-REQUEST-SOURCE: adaptivepayments-php-sdk-3.6.106
PayPal\Core\PPHttpConnection: Adding header X-PAYPAL-APPLICATION-ID: APP-80W284485P519543T
PayPal\Core\PPHttpConnection: Adding header X-PAYPAL-SECURITY-USERID: info_api1.ananas-web.ru
PayPal\Core\PPHttpConnection: Adding header X-PAYPAL-SECURITY-PASSWORD: P7KUBZYK8RN462R2
PayPal\Core\PPHttpConnection: Adding header X-PAYPAL-SECURITY-SIGNATURE: AFcWxV21C7fd0v3bYYYRCpSSRl31A11ZPkdM0UA3lmo0MndV9erWalw9
PayPal\Core\PPAPIService: Response: responseEnvelope.timestamp=2016-07-06T04%3A55%3A33.260-07%3A00&responseEnvelope.ack=Success&responseEnvelope.correlationId=da7c72e3a61f0&responseEnvelope.build=23046607&payKey=AP-2B974080WB821953M&paymentExecStatus=CREATED
PayPal\Core\PPAPIService: Request: requestEnvelope.errorLanguage=en_US&actionType=PAY&cancelUrl=http%3A%2F%2Fvault-x.my%2Ferror&currencyCode=USD&feesPayer=PRIMARYRECEIVER&receiverList.receiver(0).amount=103.46&receiverList.receiver(0).email=vaultx-coordinator%40ananas-web.ru&receiverList.receiver(0).primary=1&receiverList.receiver(1).amount=0.15&receiverList.receiver(1).email=vaultx-admin%40ananas-web.ru&senderEmail=vaultx-donater%40ananas-web.ru&returnUrl=http%3A%2F%2Fvault-x.my&fundingConstraint.allowedFundingType.fundingTypeInfo(0).fundingType=ECHECK&fundingConstraint.allowedFundingType.fundingTypeInfo(1).fundingType=BALANCE&fundingConstraint.allowedFundingType.fundingTypeInfo(2).fundingType=CREDITCARD
PayPal\Core\PPHttpConnection: Adding header X-PAYPAL-REQUEST-DATA-FORMAT: NV
PayPal\Core\PPHttpConnection: Adding header X-PAYPAL-RESPONSE-DATA-FORMAT: NV
PayPal\Core\PPHttpConnection: Adding header X-PAYPAL-DEVICE-IPADDRESS: 127.0.0.1
PayPal\Core\PPHttpConnection: Adding header X-PAYPAL-REQUEST-SOURCE: adaptivepayments-php-sdk-3.6.106
PayPal\Core\PPHttpConnection: Adding header X-PAYPAL-APPLICATION-ID: APP-80W284485P519543T
PayPal\Core\PPHttpConnection: Adding header X-PAYPAL-SECURITY-USERID: info_api1.ananas-web.ru
PayPal\Core\PPHttpConnection: Adding header X-PAYPAL-SECURITY-PASSWORD: P7KUBZYK8RN462R2
PayPal\Core\PPHttpConnection: Adding header X-PAYPAL-SECURITY-SIGNATURE: AFcWxV21C7fd0v3bYYYRCpSSRl31A11ZPkdM0UA3lmo0MndV9erWalw9
PayPal\Core\PPAPIService: Response: responseEnvelope.timestamp=2016-07-07T05%3A05%3A57.768-07%3A00&responseEnvelope.ack=Success&responseEnvelope.correlationId=b38d71510ab82&responseEnvelope.build=23046607&payKey=AP-20157530CM066323A&paymentExecStatus=CREATED
